<?xml version="1.0" encoding="UTF-8"?>
<testng-results ignored="0" total="1" passed="1" failed="0" skipped="0">
  <reporter-output>
  </reporter-output>
  <suite started-at="2023-08-29T23:25:17 IST" name="Default suite" finished-at="2023-08-29T23:25:17 IST" duration-ms="100">
    <groups>
    </groups>
    <test started-at="2023-08-29T23:25:17 IST" name="Default test" finished-at="2023-08-29T23:25:17 IST" duration-ms="100">
      <class name="jenkinsprograms.Demo2">
        <test-method signature="demo2Test()[pri:0, instance:jenkinsprograms.Demo2@6e0f5f7f]" started-at="2023-08-29T23:25:17 IST" name="demo2Test" finished-at="2023-08-29T23:25:17 IST" duration-ms="23" status="PASS">
          <reporter-output>
          </reporter-output>
        </test-method> <!-- demo2Test -->
      </class> <!-- jenkinsprograms.Demo2 -->
    </test> <!-- Default test -->
  </suite> <!-- Default suite -->
</testng-results>
